[INFO  2019-05-14T19:55:19,228 net.lightbody.bmp.proxy.Main] (main) Starting BrowserMob Proxy version 2.1.4 
[INFO  2019-05-14T19:55:19,287 org.eclipse.jetty.util.log] (main) jetty-7.x.y-SNAPSHOT 
[INFO  2019-05-14T19:55:19,346 org.eclipse.jetty.util.log] (main) started o.e.j.s.ServletContextHandler{/,null} 
[INFO  2019-05-14T19:55:19,595 org.eclipse.jetty.util.log] (main) Started SelectChannelConnector@0.0.0.0:8080 
[INFO  2019-05-14T19:55:20,490 org.littleshoot.proxy.impl.DefaultHttpProxyServer] (qtp802255644-21) Starting proxy at address: 0.0.0.0/0.0.0.0:8081 
[INFO  2019-05-14T19:55:20,518 org.littleshoot.proxy.impl.DefaultHttpProxyServer] (qtp802255644-21) Proxy listening with TCP transport 
[INFO  2019-05-14T19:55:20,632 org.littleshoot.proxy.impl.DefaultHttpProxyServer] (qtp802255644-21) Proxy started at address: /0:0:0:0:0:0:0:0:8081 
[ERROR 2019-05-14T19:57:59,270 org.littleshoot.proxy.impl.ClientToProxyConnection] (LittleProxy-0-ClientToProxyWorker-7) (AWAITING_INITIAL) [id: 0x91da08a2, L:/0:0:0:0:0:0:0:1:8081 - R:/0:0:0:0:0:0:0:1:50761]: Caught an exception on ClientToProxyConnection io.netty.handler.codec.DecoderException: javax.net.ssl.SSLHandshakeException: Received fatal alert: unknown_ca
	at io.netty.handler.codec.ByteToMessageDecoder.callDecode(ByteToMessageDecoder.java:442) ~[browsermob-dist-2.1.4.jar:?]
	at io.netty.handler.codec.ByteToMessageDecoder.channelRead(ByteToMessageDecoder.java:248) ~[browsermob-dist-2.1.4.jar:?]
	at io.netty.channel.AbstractChannelHandlerContext.invokeChannelRead(AbstractChannelHandlerContext.java:373) [browsermob-dist-2.1.4.jar:?]
	at io.netty.channel.AbstractChannelHandlerContext.invokeChannelRead(AbstractChannelHandlerContext.java:359) [browsermob-dist-2.1.4.jar:?]
	at io.netty.channel.AbstractChannelHandlerContext.fireChannelRead(AbstractChannelHandlerContext.java:351) [browsermob-dist-2.1.4.jar:?]
	at io.netty.channel.DefaultChannelPipeline$HeadContext.channelRead(DefaultChannelPipeline.java:1334) [browsermob-dist-2.1.4.jar:?]
	at io.netty.channel.AbstractChannelHandlerContext.invokeChannelRead(AbstractChannelHandlerContext.java:373) [browsermob-dist-2.1.4.jar:?]
	at io.netty.channel.AbstractChannelHandlerContext.invokeChannelRead(AbstractChannelHandlerContext.java:359) [browsermob-dist-2.1.4.jar:?]
	at io.netty.channel.DefaultChannelPipeline.fireChannelRead(DefaultChannelPipeline.java:926) [browsermob-dist-2.1.4.jar:?]
	at io.netty.channel.nio.AbstractNioByteChannel$NioByteUnsafe.read(AbstractNioByteChannel.java:129) [browsermob-dist-2.1.4.jar:?]
	at io.netty.channel.nio.NioEventLoop.processSelectedKey(NioEventLoop.java:651) [browsermob-dist-2.1.4.jar:?]
	at io.netty.channel.nio.NioEventLoop.processSelectedKeysOptimized(NioEventLoop.java:574) [browsermob-dist-2.1.4.jar:?]
	at io.netty.channel.nio.NioEventLoop.processSelectedKeys(NioEventLoop.java:488) [browsermob-dist-2.1.4.jar:?]
	at io.netty.channel.nio.NioEventLoop.run(NioEventLoop.java:450) [browsermob-dist-2.1.4.jar:?]
	at io.netty.util.concurrent.SingleThreadEventExecutor$5.run(SingleThreadEventExecutor.java:873) [browsermob-dist-2.1.4.jar:?]
	at java.lang.Thread.run(Thread.java:835) [?:?]
Caused by: javax.net.ssl.SSLHandshakeException: Received fatal alert: unknown_ca
	at sun.security.ssl.Alert.createSSLException(Alert.java:131) ~[?:?]
	at sun.security.ssl.Alert.createSSLException(Alert.java:117) ~[?:?]
	at sun.security.ssl.TransportContext.fatal(TransportContext.java:307) ~[?:?]
	at sun.security.ssl.Alert$AlertConsumer.consume(Alert.java:285) ~[?:?]
	at sun.security.ssl.TransportContext.dispatch(TransportContext.java:180) ~[?:?]
	at sun.security.ssl.SSLTransport.decode(SSLTransport.java:164) ~[?:?]
	at sun.security.ssl.SSLEngineImpl.decode(SSLEngineImpl.java:681) ~[?:?]
	at sun.security.ssl.SSLEngineImpl.readRecord(SSLEngineImpl.java:636) ~[?:?]
	at sun.security.ssl.SSLEngineImpl.unwrap(SSLEngineImpl.java:454) ~[?:?]
	at sun.security.ssl.SSLEngineImpl.unwrap(SSLEngineImpl.java:433) ~[?:?]
	at javax.net.ssl.SSLEngine.unwrap(SSLEngine.java:634) ~[?:?]
	at io.netty.handler.ssl.SslHandler.unwrap(SslHandler.java:1097) ~[browsermob-dist-2.1.4.jar:?]
	at io.netty.handler.ssl.SslHandler.unwrap(SslHandler.java:968) ~[browsermob-dist-2.1.4.jar:?]
	at io.netty.handler.ssl.SslHandler.decode(SslHandler.java:902) ~[browsermob-dist-2.1.4.jar:?]
	at io.netty.handler.codec.ByteToMessageDecoder.callDecode(ByteToMessageDecoder.java:411) ~[browsermob-dist-2.1.4.jar:?]
	... 15 more

[ERROR 2019-05-14T19:58:10,008 org.littleshoot.proxy.impl.ClientToProxyConnection] (LittleProxy-0-ClientToProxyWorker-0) (AWAITING_INITIAL) [id: 0x6000dcd3, L:/0:0:0:0:0:0:0:1:8081 - R:/0:0:0:0:0:0:0:1:50763]: Caught an exception on ClientToProxyConnection io.netty.handler.codec.DecoderException: javax.net.ssl.SSLHandshakeException: Received fatal alert: unknown_ca
	at io.netty.handler.codec.ByteToMessageDecoder.callDecode(ByteToMessageDecoder.java:442) ~[browsermob-dist-2.1.4.jar:?]
	at io.netty.handler.codec.ByteToMessageDecoder.channelRead(ByteToMessageDecoder.java:248) ~[browsermob-dist-2.1.4.jar:?]
	at io.netty.channel.AbstractChannelHandlerContext.invokeChannelRead(AbstractChannelHandlerContext.java:373) [browsermob-dist-2.1.4.jar:?]
	at io.netty.channel.AbstractChannelHandlerContext.invokeChannelRead(AbstractChannelHandlerContext.java:359) [browsermob-dist-2.1.4.jar:?]
	at io.netty.channel.AbstractChannelHandlerContext.fireChannelRead(AbstractChannelHandlerContext.java:351) [browsermob-dist-2.1.4.jar:?]
	at io.netty.channel.DefaultChannelPipeline$HeadContext.channelRead(DefaultChannelPipeline.java:1334) [browsermob-dist-2.1.4.jar:?]
	at io.netty.channel.AbstractChannelHandlerContext.invokeChannelRead(AbstractChannelHandlerContext.java:373) [browsermob-dist-2.1.4.jar:?]
	at io.netty.channel.AbstractChannelHandlerContext.invokeChannelRead(AbstractChannelHandlerContext.java:359) [browsermob-dist-2.1.4.jar:?]
	at io.netty.channel.DefaultChannelPipeline.fireChannelRead(DefaultChannelPipeline.java:926) [browsermob-dist-2.1.4.jar:?]
	at io.netty.channel.nio.AbstractNioByteChannel$NioByteUnsafe.read(AbstractNioByteChannel.java:129) [browsermob-dist-2.1.4.jar:?]
	at io.netty.channel.nio.NioEventLoop.processSelectedKey(NioEventLoop.java:651) [browsermob-dist-2.1.4.jar:?]
	at io.netty.channel.nio.NioEventLoop.processSelectedKeysOptimized(NioEventLoop.java:574) [browsermob-dist-2.1.4.jar:?]
	at io.netty.channel.nio.NioEventLoop.processSelectedKeys(NioEventLoop.java:488) [browsermob-dist-2.1.4.jar:?]
	at io.netty.channel.nio.NioEventLoop.run(NioEventLoop.java:450) [browsermob-dist-2.1.4.jar:?]
	at io.netty.util.concurrent.SingleThreadEventExecutor$5.run(SingleThreadEventExecutor.java:873) [browsermob-dist-2.1.4.jar:?]
	at java.lang.Thread.run(Thread.java:835) [?:?]
Caused by: javax.net.ssl.SSLHandshakeException: Received fatal alert: unknown_ca
	at sun.security.ssl.Alert.createSSLException(Alert.java:131) ~[?:?]
	at sun.security.ssl.Alert.createSSLException(Alert.java:117) ~[?:?]
	at sun.security.ssl.TransportContext.fatal(TransportContext.java:307) ~[?:?]
	at sun.security.ssl.Alert$AlertConsumer.consume(Alert.java:285) ~[?:?]
	at sun.security.ssl.TransportContext.dispatch(TransportContext.java:180) ~[?:?]
	at sun.security.ssl.SSLTransport.decode(SSLTransport.java:164) ~[?:?]
	at sun.security.ssl.SSLEngineImpl.decode(SSLEngineImpl.java:681) ~[?:?]
	at sun.security.ssl.SSLEngineImpl.readRecord(SSLEngineImpl.java:636) ~[?:?]
	at sun.security.ssl.SSLEngineImpl.unwrap(SSLEngineImpl.java:454) ~[?:?]
	at sun.security.ssl.SSLEngineImpl.unwrap(SSLEngineImpl.java:433) ~[?:?]
	at javax.net.ssl.SSLEngine.unwrap(SSLEngine.java:634) ~[?:?]
	at io.netty.handler.ssl.SslHandler.unwrap(SslHandler.java:1097) ~[browsermob-dist-2.1.4.jar:?]
	at io.netty.handler.ssl.SslHandler.unwrap(SslHandler.java:968) ~[browsermob-dist-2.1.4.jar:?]
	at io.netty.handler.ssl.SslHandler.decode(SslHandler.java:902) ~[browsermob-dist-2.1.4.jar:?]
	at io.netty.handler.codec.ByteToMessageDecoder.callDecode(ByteToMessageDecoder.java:411) ~[browsermob-dist-2.1.4.jar:?]
	... 15 more

[ERROR 2019-05-14T19:58:21,010 org.littleshoot.proxy.impl.ClientToProxyConnection] (LittleProxy-0-ClientToProxyWorker-1) (AWAITING_INITIAL) [id: 0x35cc7231, L:/0:0:0:0:0:0:0:1:8081 - R:/0:0:0:0:0:0:0:1:50765]: Caught an exception on ClientToProxyConnection io.netty.handler.codec.DecoderException: javax.net.ssl.SSLHandshakeException: Received fatal alert: unknown_ca
	at io.netty.handler.codec.ByteToMessageDecoder.callDecode(ByteToMessageDecoder.java:442) ~[browsermob-dist-2.1.4.jar:?]
	at io.netty.handler.codec.ByteToMessageDecoder.channelRead(ByteToMessageDecoder.java:248) ~[browsermob-dist-2.1.4.jar:?]
	at io.netty.channel.AbstractChannelHandlerContext.invokeChannelRead(AbstractChannelHandlerContext.java:373) [browsermob-dist-2.1.4.jar:?]
	at io.netty.channel.AbstractChannelHandlerContext.invokeChannelRead(AbstractChannelHandlerContext.java:359) [browsermob-dist-2.1.4.jar:?]
	at io.netty.channel.AbstractChannelHandlerContext.fireChannelRead(AbstractChannelHandlerContext.java:351) [browsermob-dist-2.1.4.jar:?]
	at io.netty.channel.DefaultChannelPipeline$HeadContext.channelRead(DefaultChannelPipeline.java:1334) [browsermob-dist-2.1.4.jar:?]
	at io.netty.channel.AbstractChannelHandlerContext.invokeChannelRead(AbstractChannelHandlerContext.java:373) [browsermob-dist-2.1.4.jar:?]
	at io.netty.channel.AbstractChannelHandlerContext.invokeChannelRead(AbstractChannelHandlerContext.java:359) [browsermob-dist-2.1.4.jar:?]
	at io.netty.channel.DefaultChannelPipeline.fireChannelRead(DefaultChannelPipeline.java:926) [browsermob-dist-2.1.4.jar:?]
	at io.netty.channel.nio.AbstractNioByteChannel$NioByteUnsafe.read(AbstractNioByteChannel.java:129) [browsermob-dist-2.1.4.jar:?]
	at io.netty.channel.nio.NioEventLoop.processSelectedKey(NioEventLoop.java:651) [browsermob-dist-2.1.4.jar:?]
	at io.netty.channel.nio.NioEventLoop.processSelectedKeysOptimized(NioEventLoop.java:574) [browsermob-dist-2.1.4.jar:?]
	at io.netty.channel.nio.NioEventLoop.processSelectedKeys(NioEventLoop.java:488) [browsermob-dist-2.1.4.jar:?]
	at io.netty.channel.nio.NioEventLoop.run(NioEventLoop.java:450) [browsermob-dist-2.1.4.jar:?]
	at io.netty.util.concurrent.SingleThreadEventExecutor$5.run(SingleThreadEventExecutor.java:873) [browsermob-dist-2.1.4.jar:?]
	at java.lang.Thread.run(Thread.java:835) [?:?]
Caused by: javax.net.ssl.SSLHandshakeException: Received fatal alert: unknown_ca
	at sun.security.ssl.Alert.createSSLException(Alert.java:131) ~[?:?]
	at sun.security.ssl.Alert.createSSLException(Alert.java:117) ~[?:?]
	at sun.security.ssl.TransportContext.fatal(TransportContext.java:307) ~[?:?]
	at sun.security.ssl.Alert$AlertConsumer.consume(Alert.java:285) ~[?:?]
	at sun.security.ssl.TransportContext.dispatch(TransportContext.java:180) ~[?:?]
	at sun.security.ssl.SSLTransport.decode(SSLTransport.java:164) ~[?:?]
	at sun.security.ssl.SSLEngineImpl.decode(SSLEngineImpl.java:681) ~[?:?]
	at sun.security.ssl.SSLEngineImpl.readRecord(SSLEngineImpl.java:636) ~[?:?]
	at sun.security.ssl.SSLEngineImpl.unwrap(SSLEngineImpl.java:454) ~[?:?]
	at sun.security.ssl.SSLEngineImpl.unwrap(SSLEngineImpl.java:433) ~[?:?]
	at javax.net.ssl.SSLEngine.unwrap(SSLEngine.java:634) ~[?:?]
	at io.netty.handler.ssl.SslHandler.unwrap(SslHandler.java:1097) ~[browsermob-dist-2.1.4.jar:?]
	at io.netty.handler.ssl.SslHandler.unwrap(SslHandler.java:968) ~[browsermob-dist-2.1.4.jar:?]
	at io.netty.handler.ssl.SslHandler.decode(SslHandler.java:902) ~[browsermob-dist-2.1.4.jar:?]
	at io.netty.handler.codec.ByteToMessageDecoder.callDecode(ByteToMessageDecoder.java:411) ~[browsermob-dist-2.1.4.jar:?]
	... 15 more

[ERROR 2019-05-14T19:58:41,381 org.littleshoot.proxy.impl.ClientToProxyConnection] (LittleProxy-0-ClientToProxyWorker-2) (AWAITING_INITIAL) [id: 0x28ce4595, L:/0:0:0:0:0:0:0:1:8081 - R:/0:0:0:0:0:0:0:1:50767]: Caught an exception on ClientToProxyConnection io.netty.handler.codec.DecoderException: javax.net.ssl.SSLHandshakeException: Received fatal alert: unknown_ca
	at io.netty.handler.codec.ByteToMessageDecoder.callDecode(ByteToMessageDecoder.java:442) ~[browsermob-dist-2.1.4.jar:?]
	at io.netty.handler.codec.ByteToMessageDecoder.channelRead(ByteToMessageDecoder.java:248) ~[browsermob-dist-2.1.4.jar:?]
	at io.netty.channel.AbstractChannelHandlerContext.invokeChannelRead(AbstractChannelHandlerContext.java:373) [browsermob-dist-2.1.4.jar:?]
	at io.netty.channel.AbstractChannelHandlerContext.invokeChannelRead(AbstractChannelHandlerContext.java:359) [browsermob-dist-2.1.4.jar:?]
	at io.netty.channel.AbstractChannelHandlerContext.fireChannelRead(AbstractChannelHandlerContext.java:351) [browsermob-dist-2.1.4.jar:?]
	at io.netty.channel.DefaultChannelPipeline$HeadContext.channelRead(DefaultChannelPipeline.java:1334) [browsermob-dist-2.1.4.jar:?]
	at io.netty.channel.AbstractChannelHandlerContext.invokeChannelRead(AbstractChannelHandlerContext.java:373) [browsermob-dist-2.1.4.jar:?]
	at io.netty.channel.AbstractChannelHandlerContext.invokeChannelRead(AbstractChannelHandlerContext.java:359) [browsermob-dist-2.1.4.jar:?]
	at io.netty.channel.DefaultChannelPipeline.fireChannelRead(DefaultChannelPipeline.java:926) [browsermob-dist-2.1.4.jar:?]
	at io.netty.channel.nio.AbstractNioByteChannel$NioByteUnsafe.read(AbstractNioByteChannel.java:129) [browsermob-dist-2.1.4.jar:?]
	at io.netty.channel.nio.NioEventLoop.processSelectedKey(NioEventLoop.java:651) [browsermob-dist-2.1.4.jar:?]
	at io.netty.channel.nio.NioEventLoop.processSelectedKeysOptimized(NioEventLoop.java:574) [browsermob-dist-2.1.4.jar:?]
	at io.netty.channel.nio.NioEventLoop.processSelectedKeys(NioEventLoop.java:488) [browsermob-dist-2.1.4.jar:?]
	at io.netty.channel.nio.NioEventLoop.run(NioEventLoop.java:450) [browsermob-dist-2.1.4.jar:?]
	at io.netty.util.concurrent.SingleThreadEventExecutor$5.run(SingleThreadEventExecutor.java:873) [browsermob-dist-2.1.4.jar:?]
	at java.lang.Thread.run(Thread.java:835) [?:?]
Caused by: javax.net.ssl.SSLHandshakeException: Received fatal alert: unknown_ca
	at sun.security.ssl.Alert.createSSLException(Alert.java:131) ~[?:?]
	at sun.security.ssl.Alert.createSSLException(Alert.java:117) ~[?:?]
	at sun.security.ssl.TransportContext.fatal(TransportContext.java:307) ~[?:?]
	at sun.security.ssl.Alert$AlertConsumer.consume(Alert.java:285) ~[?:?]
	at sun.security.ssl.TransportContext.dispatch(TransportContext.java:180) ~[?:?]
	at sun.security.ssl.SSLTransport.decode(SSLTransport.java:164) ~[?:?]
	at sun.security.ssl.SSLEngineImpl.decode(SSLEngineImpl.java:681) ~[?:?]
	at sun.security.ssl.SSLEngineImpl.readRecord(SSLEngineImpl.java:636) ~[?:?]
	at sun.security.ssl.SSLEngineImpl.unwrap(SSLEngineImpl.java:454) ~[?:?]
	at sun.security.ssl.SSLEngineImpl.unwrap(SSLEngineImpl.java:433) ~[?:?]
	at javax.net.ssl.SSLEngine.unwrap(SSLEngine.java:634) ~[?:?]
	at io.netty.handler.ssl.SslHandler.unwrap(SslHandler.java:1097) ~[browsermob-dist-2.1.4.jar:?]
	at io.netty.handler.ssl.SslHandler.unwrap(SslHandler.java:968) ~[browsermob-dist-2.1.4.jar:?]
	at io.netty.handler.ssl.SslHandler.decode(SslHandler.java:902) ~[browsermob-dist-2.1.4.jar:?]
	at io.netty.handler.codec.ByteToMessageDecoder.callDecode(ByteToMessageDecoder.java:411) ~[browsermob-dist-2.1.4.jar:?]
	... 15 more

[ERROR 2019-05-14T19:59:22,062 org.littleshoot.proxy.impl.ClientToProxyConnection] (LittleProxy-0-ClientToProxyWorker-3) (AWAITING_INITIAL) [id: 0xd6224e5b, L:/0:0:0:0:0:0:0:1:8081 - R:/0:0:0:0:0:0:0:1:50769]: Caught an exception on ClientToProxyConnection io.netty.handler.codec.DecoderException: javax.net.ssl.SSLHandshakeException: Received fatal alert: unknown_ca
	at io.netty.handler.codec.ByteToMessageDecoder.callDecode(ByteToMessageDecoder.java:442) ~[browsermob-dist-2.1.4.jar:?]
	at io.netty.handler.codec.ByteToMessageDecoder.channelRead(ByteToMessageDecoder.java:248) ~[browsermob-dist-2.1.4.jar:?]
	at io.netty.channel.AbstractChannelHandlerContext.invokeChannelRead(AbstractChannelHandlerContext.java:373) [browsermob-dist-2.1.4.jar:?]
	at io.netty.channel.AbstractChannelHandlerContext.invokeChannelRead(AbstractChannelHandlerContext.java:359) [browsermob-dist-2.1.4.jar:?]
	at io.netty.channel.AbstractChannelHandlerContext.fireChannelRead(AbstractChannelHandlerContext.java:351) [browsermob-dist-2.1.4.jar:?]
	at io.netty.channel.DefaultChannelPipeline$HeadContext.channelRead(DefaultChannelPipeline.java:1334) [browsermob-dist-2.1.4.jar:?]
	at io.netty.channel.AbstractChannelHandlerContext.invokeChannelRead(AbstractChannelHandlerContext.java:373) [browsermob-dist-2.1.4.jar:?]
	at io.netty.channel.AbstractChannelHandlerContext.invokeChannelRead(AbstractChannelHandlerContext.java:359) [browsermob-dist-2.1.4.jar:?]
	at io.netty.channel.DefaultChannelPipeline.fireChannelRead(DefaultChannelPipeline.java:926) [browsermob-dist-2.1.4.jar:?]
	at io.netty.channel.nio.AbstractNioByteChannel$NioByteUnsafe.read(AbstractNioByteChannel.java:129) [browsermob-dist-2.1.4.jar:?]
	at io.netty.channel.nio.NioEventLoop.processSelectedKey(NioEventLoop.java:651) [browsermob-dist-2.1.4.jar:?]
	at io.netty.channel.nio.NioEventLoop.processSelectedKeysOptimized(NioEventLoop.java:574) [browsermob-dist-2.1.4.jar:?]
	at io.netty.channel.nio.NioEventLoop.processSelectedKeys(NioEventLoop.java:488) [browsermob-dist-2.1.4.jar:?]
	at io.netty.channel.nio.NioEventLoop.run(NioEventLoop.java:450) [browsermob-dist-2.1.4.jar:?]
	at io.netty.util.concurrent.SingleThreadEventExecutor$5.run(SingleThreadEventExecutor.java:873) [browsermob-dist-2.1.4.jar:?]
	at java.lang.Thread.run(Thread.java:835) [?:?]
Caused by: javax.net.ssl.SSLHandshakeException: Received fatal alert: unknown_ca
	at sun.security.ssl.Alert.createSSLException(Alert.java:131) ~[?:?]
	at sun.security.ssl.Alert.createSSLException(Alert.java:117) ~[?:?]
	at sun.security.ssl.TransportContext.fatal(TransportContext.java:307) ~[?:?]
	at sun.security.ssl.Alert$AlertConsumer.consume(Alert.java:285) ~[?:?]
	at sun.security.ssl.TransportContext.dispatch(TransportContext.java:180) ~[?:?]
	at sun.security.ssl.SSLTransport.decode(SSLTransport.java:164) ~[?:?]
	at sun.security.ssl.SSLEngineImpl.decode(SSLEngineImpl.java:681) ~[?:?]
	at sun.security.ssl.SSLEngineImpl.readRecord(SSLEngineImpl.java:636) ~[?:?]
	at sun.security.ssl.SSLEngineImpl.unwrap(SSLEngineImpl.java:454) ~[?:?]
	at sun.security.ssl.SSLEngineImpl.unwrap(SSLEngineImpl.java:433) ~[?:?]
	at javax.net.ssl.SSLEngine.unwrap(SSLEngine.java:634) ~[?:?]
	at io.netty.handler.ssl.SslHandler.unwrap(SslHandler.java:1097) ~[browsermob-dist-2.1.4.jar:?]
	at io.netty.handler.ssl.SslHandler.unwrap(SslHandler.java:968) ~[browsermob-dist-2.1.4.jar:?]
	at io.netty.handler.ssl.SslHandler.decode(SslHandler.java:902) ~[browsermob-dist-2.1.4.jar:?]
	at io.netty.handler.codec.ByteToMessageDecoder.callDecode(ByteToMessageDecoder.java:411) ~[browsermob-dist-2.1.4.jar:?]
	... 15 more

[ERROR 2019-05-14T20:41:19,437 org.littleshoot.proxy.impl.ClientToProxyConnection] (LittleProxy-0-ClientToProxyWorker-4) (AWAITING_INITIAL) [id: 0x50010f2e, L:/0:0:0:0:0:0:0:1:8081 - R:/0:0:0:0:0:0:0:1:50786]: Caught an exception on ClientToProxyConnection io.netty.handler.codec.DecoderException: javax.net.ssl.SSLHandshakeException: Received fatal alert: unknown_ca
	at io.netty.handler.codec.ByteToMessageDecoder.callDecode(ByteToMessageDecoder.java:442) ~[browsermob-dist-2.1.4.jar:?]
	at io.netty.handler.codec.ByteToMessageDecoder.channelRead(ByteToMessageDecoder.java:248) ~[browsermob-dist-2.1.4.jar:?]
	at io.netty.channel.AbstractChannelHandlerContext.invokeChannelRead(AbstractChannelHandlerContext.java:373) [browsermob-dist-2.1.4.jar:?]
	at io.netty.channel.AbstractChannelHandlerContext.invokeChannelRead(AbstractChannelHandlerContext.java:359) [browsermob-dist-2.1.4.jar:?]
	at io.netty.channel.AbstractChannelHandlerContext.fireChannelRead(AbstractChannelHandlerContext.java:351) [browsermob-dist-2.1.4.jar:?]
	at io.netty.channel.DefaultChannelPipeline$HeadContext.channelRead(DefaultChannelPipeline.java:1334) [browsermob-dist-2.1.4.jar:?]
	at io.netty.channel.AbstractChannelHandlerContext.invokeChannelRead(AbstractChannelHandlerContext.java:373) [browsermob-dist-2.1.4.jar:?]
	at io.netty.channel.AbstractChannelHandlerContext.invokeChannelRead(AbstractChannelHandlerContext.java:359) [browsermob-dist-2.1.4.jar:?]
	at io.netty.channel.DefaultChannelPipeline.fireChannelRead(DefaultChannelPipeline.java:926) [browsermob-dist-2.1.4.jar:?]
	at io.netty.channel.nio.AbstractNioByteChannel$NioByteUnsafe.read(AbstractNioByteChannel.java:129) [browsermob-dist-2.1.4.jar:?]
	at io.netty.channel.nio.NioEventLoop.processSelectedKey(NioEventLoop.java:651) [browsermob-dist-2.1.4.jar:?]
	at io.netty.channel.nio.NioEventLoop.processSelectedKeysOptimized(NioEventLoop.java:574) [browsermob-dist-2.1.4.jar:?]
	at io.netty.channel.nio.NioEventLoop.processSelectedKeys(NioEventLoop.java:488) [browsermob-dist-2.1.4.jar:?]
	at io.netty.channel.nio.NioEventLoop.run(NioEventLoop.java:450) [browsermob-dist-2.1.4.jar:?]
	at io.netty.util.concurrent.SingleThreadEventExecutor$5.run(SingleThreadEventExecutor.java:873) [browsermob-dist-2.1.4.jar:?]
	at java.lang.Thread.run(Thread.java:835) [?:?]
Caused by: javax.net.ssl.SSLHandshakeException: Received fatal alert: unknown_ca
	at sun.security.ssl.Alert.createSSLException(Alert.java:131) ~[?:?]
	at sun.security.ssl.Alert.createSSLException(Alert.java:117) ~[?:?]
	at sun.security.ssl.TransportContext.fatal(TransportContext.java:307) ~[?:?]
	at sun.security.ssl.Alert$AlertConsumer.consume(Alert.java:285) ~[?:?]
	at sun.security.ssl.TransportContext.dispatch(TransportContext.java:180) ~[?:?]
	at sun.security.ssl.SSLTransport.decode(SSLTransport.java:164) ~[?:?]
	at sun.security.ssl.SSLEngineImpl.decode(SSLEngineImpl.java:681) ~[?:?]
	at sun.security.ssl.SSLEngineImpl.readRecord(SSLEngineImpl.java:636) ~[?:?]
	at sun.security.ssl.SSLEngineImpl.unwrap(SSLEngineImpl.java:454) ~[?:?]
	at sun.security.ssl.SSLEngineImpl.unwrap(SSLEngineImpl.java:433) ~[?:?]
	at javax.net.ssl.SSLEngine.unwrap(SSLEngine.java:634) ~[?:?]
	at io.netty.handler.ssl.SslHandler.unwrap(SslHandler.java:1097) ~[browsermob-dist-2.1.4.jar:?]
	at io.netty.handler.ssl.SslHandler.unwrap(SslHandler.java:968) ~[browsermob-dist-2.1.4.jar:?]
	at io.netty.handler.ssl.SslHandler.decode(SslHandler.java:902) ~[browsermob-dist-2.1.4.jar:?]
	at io.netty.handler.codec.ByteToMessageDecoder.callDecode(ByteToMessageDecoder.java:411) ~[browsermob-dist-2.1.4.jar:?]
	... 15 more

[ERROR 2019-05-14T20:44:02,596 org.littleshoot.proxy.impl.ClientToProxyConnection] (LittleProxy-0-ClientToProxyWorker-5) (AWAITING_INITIAL) [id: 0xb92d9e4b, L:/0:0:0:0:0:0:0:1:8081 - R:/0:0:0:0:0:0:0:1:50874]: Caught an exception on ClientToProxyConnection io.netty.handler.codec.DecoderException: javax.net.ssl.SSLHandshakeException: Received fatal alert: unknown_ca
	at io.netty.handler.codec.ByteToMessageDecoder.callDecode(ByteToMessageDecoder.java:442) ~[browsermob-dist-2.1.4.jar:?]
	at io.netty.handler.codec.ByteToMessageDecoder.channelRead(ByteToMessageDecoder.java:248) ~[browsermob-dist-2.1.4.jar:?]
	at io.netty.channel.AbstractChannelHandlerContext.invokeChannelRead(AbstractChannelHandlerContext.java:373) [browsermob-dist-2.1.4.jar:?]
	at io.netty.channel.AbstractChannelHandlerContext.invokeChannelRead(AbstractChannelHandlerContext.java:359) [browsermob-dist-2.1.4.jar:?]
	at io.netty.channel.AbstractChannelHandlerContext.fireChannelRead(AbstractChannelHandlerContext.java:351) [browsermob-dist-2.1.4.jar:?]
	at io.netty.channel.DefaultChannelPipeline$HeadContext.channelRead(DefaultChannelPipeline.java:1334) [browsermob-dist-2.1.4.jar:?]
	at io.netty.channel.AbstractChannelHandlerContext.invokeChannelRead(AbstractChannelHandlerContext.java:373) [browsermob-dist-2.1.4.jar:?]
	at io.netty.channel.AbstractChannelHandlerContext.invokeChannelRead(AbstractChannelHandlerContext.java:359) [browsermob-dist-2.1.4.jar:?]
	at io.netty.channel.DefaultChannelPipeline.fireChannelRead(DefaultChannelPipeline.java:926) [browsermob-dist-2.1.4.jar:?]
	at io.netty.channel.nio.AbstractNioByteChannel$NioByteUnsafe.read(AbstractNioByteChannel.java:129) [browsermob-dist-2.1.4.jar:?]
	at io.netty.channel.nio.NioEventLoop.processSelectedKey(NioEventLoop.java:651) [browsermob-dist-2.1.4.jar:?]
	at io.netty.channel.nio.NioEventLoop.processSelectedKeysOptimized(NioEventLoop.java:574) [browsermob-dist-2.1.4.jar:?]
	at io.netty.channel.nio.NioEventLoop.processSelectedKeys(NioEventLoop.java:488) [browsermob-dist-2.1.4.jar:?]
	at io.netty.channel.nio.NioEventLoop.run(NioEventLoop.java:450) [browsermob-dist-2.1.4.jar:?]
	at io.netty.util.concurrent.SingleThreadEventExecutor$5.run(SingleThreadEventExecutor.java:873) [browsermob-dist-2.1.4.jar:?]
	at java.lang.Thread.run(Thread.java:835) [?:?]
Caused by: javax.net.ssl.SSLHandshakeException: Received fatal alert: unknown_ca
	at sun.security.ssl.Alert.createSSLException(Alert.java:131) ~[?:?]
	at sun.security.ssl.Alert.createSSLException(Alert.java:117) ~[?:?]
	at sun.security.ssl.TransportContext.fatal(TransportContext.java:307) ~[?:?]
	at sun.security.ssl.Alert$AlertConsumer.consume(Alert.java:285) ~[?:?]
	at sun.security.ssl.TransportContext.dispatch(TransportContext.java:180) ~[?:?]
	at sun.security.ssl.SSLTransport.decode(SSLTransport.java:164) ~[?:?]
	at sun.security.ssl.SSLEngineImpl.decode(SSLEngineImpl.java:681) ~[?:?]
	at sun.security.ssl.SSLEngineImpl.readRecord(SSLEngineImpl.java:636) ~[?:?]
	at sun.security.ssl.SSLEngineImpl.unwrap(SSLEngineImpl.java:454) ~[?:?]
	at sun.security.ssl.SSLEngineImpl.unwrap(SSLEngineImpl.java:433) ~[?:?]
	at javax.net.ssl.SSLEngine.unwrap(SSLEngine.java:634) ~[?:?]
	at io.netty.handler.ssl.SslHandler.unwrap(SslHandler.java:1097) ~[browsermob-dist-2.1.4.jar:?]
	at io.netty.handler.ssl.SslHandler.unwrap(SslHandler.java:968) ~[browsermob-dist-2.1.4.jar:?]
	at io.netty.handler.ssl.SslHandler.decode(SslHandler.java:902) ~[browsermob-dist-2.1.4.jar:?]
	at io.netty.handler.codec.ByteToMessageDecoder.callDecode(ByteToMessageDecoder.java:411) ~[browsermob-dist-2.1.4.jar:?]
	... 15 more

[ERROR 2019-05-14T20:49:33,129 org.littleshoot.proxy.impl.ClientToProxyConnection] (LittleProxy-0-ClientToProxyWorker-6) (AWAITING_INITIAL) [id: 0x164a0487, L:/0:0:0:0:0:0:0:1:8081 - R:/0:0:0:0:0:0:0:1:50903]: Caught an exception on ClientToProxyConnection io.netty.handler.codec.DecoderException: javax.net.ssl.SSLHandshakeException: Received fatal alert: unknown_ca
	at io.netty.handler.codec.ByteToMessageDecoder.callDecode(ByteToMessageDecoder.java:442) ~[browsermob-dist-2.1.4.jar:?]
	at io.netty.handler.codec.ByteToMessageDecoder.channelRead(ByteToMessageDecoder.java:248) ~[browsermob-dist-2.1.4.jar:?]
	at io.netty.channel.AbstractChannelHandlerContext.invokeChannelRead(AbstractChannelHandlerContext.java:373) [browsermob-dist-2.1.4.jar:?]
	at io.netty.channel.AbstractChannelHandlerContext.invokeChannelRead(AbstractChannelHandlerContext.java:359) [browsermob-dist-2.1.4.jar:?]
	at io.netty.channel.AbstractChannelHandlerContext.fireChannelRead(AbstractChannelHandlerContext.java:351) [browsermob-dist-2.1.4.jar:?]
	at io.netty.channel.DefaultChannelPipeline$HeadContext.channelRead(DefaultChannelPipeline.java:1334) [browsermob-dist-2.1.4.jar:?]
	at io.netty.channel.AbstractChannelHandlerContext.invokeChannelRead(AbstractChannelHandlerContext.java:373) [browsermob-dist-2.1.4.jar:?]
	at io.netty.channel.AbstractChannelHandlerContext.invokeChannelRead(AbstractChannelHandlerContext.java:359) [browsermob-dist-2.1.4.jar:?]
	at io.netty.channel.DefaultChannelPipeline.fireChannelRead(DefaultChannelPipeline.java:926) [browsermob-dist-2.1.4.jar:?]
	at io.netty.channel.nio.AbstractNioByteChannel$NioByteUnsafe.read(AbstractNioByteChannel.java:129) [browsermob-dist-2.1.4.jar:?]
	at io.netty.channel.nio.NioEventLoop.processSelectedKey(NioEventLoop.java:651) [browsermob-dist-2.1.4.jar:?]
	at io.netty.channel.nio.NioEventLoop.processSelectedKeysOptimized(NioEventLoop.java:574) [browsermob-dist-2.1.4.jar:?]
	at io.netty.channel.nio.NioEventLoop.processSelectedKeys(NioEventLoop.java:488) [browsermob-dist-2.1.4.jar:?]
	at io.netty.channel.nio.NioEventLoop.run(NioEventLoop.java:450) [browsermob-dist-2.1.4.jar:?]
	at io.netty.util.concurrent.SingleThreadEventExecutor$5.run(SingleThreadEventExecutor.java:873) [browsermob-dist-2.1.4.jar:?]
	at java.lang.Thread.run(Thread.java:835) [?:?]
Caused by: javax.net.ssl.SSLHandshakeException: Received fatal alert: unknown_ca
	at sun.security.ssl.Alert.createSSLException(Alert.java:131) ~[?:?]
	at sun.security.ssl.Alert.createSSLException(Alert.java:117) ~[?:?]
	at sun.security.ssl.TransportContext.fatal(TransportContext.java:307) ~[?:?]
	at sun.security.ssl.Alert$AlertConsumer.consume(Alert.java:285) ~[?:?]
	at sun.security.ssl.TransportContext.dispatch(TransportContext.java:180) ~[?:?]
	at sun.security.ssl.SSLTransport.decode(SSLTransport.java:164) ~[?:?]
	at sun.security.ssl.SSLEngineImpl.decode(SSLEngineImpl.java:681) ~[?:?]
	at sun.security.ssl.SSLEngineImpl.readRecord(SSLEngineImpl.java:636) ~[?:?]
	at sun.security.ssl.SSLEngineImpl.unwrap(SSLEngineImpl.java:454) ~[?:?]
	at sun.security.ssl.SSLEngineImpl.unwrap(SSLEngineImpl.java:433) ~[?:?]
	at javax.net.ssl.SSLEngine.unwrap(SSLEngine.java:634) ~[?:?]
	at io.netty.handler.ssl.SslHandler.unwrap(SslHandler.java:1097) ~[browsermob-dist-2.1.4.jar:?]
	at io.netty.handler.ssl.SslHandler.unwrap(SslHandler.java:968) ~[browsermob-dist-2.1.4.jar:?]
	at io.netty.handler.ssl.SslHandler.decode(SslHandler.java:902) ~[browsermob-dist-2.1.4.jar:?]
	at io.netty.handler.codec.ByteToMessageDecoder.callDecode(ByteToMessageDecoder.java:411) ~[browsermob-dist-2.1.4.jar:?]
	... 15 more

[ERROR 2019-05-14T21:04:38,783 org.littleshoot.proxy.impl.ClientToProxyConnection] (LittleProxy-0-ClientToProxyWorker-7) (AWAITING_INITIAL) [id: 0xbe56a5d5, L:/0:0:0:0:0:0:0:1:8081 - R:/0:0:0:0:0:0:0:1:50964]: Caught an exception on ClientToProxyConnection io.netty.handler.codec.DecoderException: javax.net.ssl.SSLHandshakeException: Received fatal alert: unknown_ca
	at io.netty.handler.codec.ByteToMessageDecoder.callDecode(ByteToMessageDecoder.java:442) ~[browsermob-dist-2.1.4.jar:?]
	at io.netty.handler.codec.ByteToMessageDecoder.channelRead(ByteToMessageDecoder.java:248) ~[browsermob-dist-2.1.4.jar:?]
	at io.netty.channel.AbstractChannelHandlerContext.invokeChannelRead(AbstractChannelHandlerContext.java:373) [browsermob-dist-2.1.4.jar:?]
	at io.netty.channel.AbstractChannelHandlerContext.invokeChannelRead(AbstractChannelHandlerContext.java:359) [browsermob-dist-2.1.4.jar:?]
	at io.netty.channel.AbstractChannelHandlerContext.fireChannelRead(AbstractChannelHandlerContext.java:351) [browsermob-dist-2.1.4.jar:?]
	at io.netty.channel.DefaultChannelPipeline$HeadContext.channelRead(DefaultChannelPipeline.java:1334) [browsermob-dist-2.1.4.jar:?]
	at io.netty.channel.AbstractChannelHandlerContext.invokeChannelRead(AbstractChannelHandlerContext.java:373) [browsermob-dist-2.1.4.jar:?]
	at io.netty.channel.AbstractChannelHandlerContext.invokeChannelRead(AbstractChannelHandlerContext.java:359) [browsermob-dist-2.1.4.jar:?]
	at io.netty.channel.DefaultChannelPipeline.fireChannelRead(DefaultChannelPipeline.java:926) [browsermob-dist-2.1.4.jar:?]
	at io.netty.channel.nio.AbstractNioByteChannel$NioByteUnsafe.read(AbstractNioByteChannel.java:129) [browsermob-dist-2.1.4.jar:?]
	at io.netty.channel.nio.NioEventLoop.processSelectedKey(NioEventLoop.java:651) [browsermob-dist-2.1.4.jar:?]
	at io.netty.channel.nio.NioEventLoop.processSelectedKeysOptimized(NioEventLoop.java:574) [browsermob-dist-2.1.4.jar:?]
	at io.netty.channel.nio.NioEventLoop.processSelectedKeys(NioEventLoop.java:488) [browsermob-dist-2.1.4.jar:?]
	at io.netty.channel.nio.NioEventLoop.run(NioEventLoop.java:450) [browsermob-dist-2.1.4.jar:?]
	at io.netty.util.concurrent.SingleThreadEventExecutor$5.run(SingleThreadEventExecutor.java:873) [browsermob-dist-2.1.4.jar:?]
	at java.lang.Thread.run(Thread.java:835) [?:?]
Caused by: javax.net.ssl.SSLHandshakeException: Received fatal alert: unknown_ca
	at sun.security.ssl.Alert.createSSLException(Alert.java:131) ~[?:?]
	at sun.security.ssl.Alert.createSSLException(Alert.java:117) ~[?:?]
	at sun.security.ssl.TransportContext.fatal(TransportContext.java:307) ~[?:?]
	at sun.security.ssl.Alert$AlertConsumer.consume(Alert.java:285) ~[?:?]
	at sun.security.ssl.TransportContext.dispatch(TransportContext.java:180) ~[?:?]
	at sun.security.ssl.SSLTransport.decode(SSLTransport.java:164) ~[?:?]
	at sun.security.ssl.SSLEngineImpl.decode(SSLEngineImpl.java:681) ~[?:?]
	at sun.security.ssl.SSLEngineImpl.readRecord(SSLEngineImpl.java:636) ~[?:?]
	at sun.security.ssl.SSLEngineImpl.unwrap(SSLEngineImpl.java:454) ~[?:?]
	at sun.security.ssl.SSLEngineImpl.unwrap(SSLEngineImpl.java:433) ~[?:?]
	at javax.net.ssl.SSLEngine.unwrap(SSLEngine.java:634) ~[?:?]
	at io.netty.handler.ssl.SslHandler.unwrap(SslHandler.java:1097) ~[browsermob-dist-2.1.4.jar:?]
	at io.netty.handler.ssl.SslHandler.unwrap(SslHandler.java:968) ~[browsermob-dist-2.1.4.jar:?]
	at io.netty.handler.ssl.SslHandler.decode(SslHandler.java:902) ~[browsermob-dist-2.1.4.jar:?]
	at io.netty.handler.codec.ByteToMessageDecoder.callDecode(ByteToMessageDecoder.java:411) ~[browsermob-dist-2.1.4.jar:?]
	... 15 more

[ERROR 2019-05-14T21:26:06,885 org.littleshoot.proxy.impl.ClientToProxyConnection] (LittleProxy-0-ClientToProxyWorker-0) (AWAITING_INITIAL) [id: 0x997fe0ff, L:/0:0:0:0:0:0:0:1:8081 - R:/0:0:0:0:0:0:0:1:51209]: Caught an exception on ClientToProxyConnection io.netty.handler.codec.DecoderException: javax.net.ssl.SSLHandshakeException: Received fatal alert: unknown_ca
	at io.netty.handler.codec.ByteToMessageDecoder.callDecode(ByteToMessageDecoder.java:442) ~[browsermob-dist-2.1.4.jar:?]
	at io.netty.handler.codec.ByteToMessageDecoder.channelRead(ByteToMessageDecoder.java:248) ~[browsermob-dist-2.1.4.jar:?]
	at io.netty.channel.AbstractChannelHandlerContext.invokeChannelRead(AbstractChannelHandlerContext.java:373) [browsermob-dist-2.1.4.jar:?]
	at io.netty.channel.AbstractChannelHandlerContext.invokeChannelRead(AbstractChannelHandlerContext.java:359) [browsermob-dist-2.1.4.jar:?]
	at io.netty.channel.AbstractChannelHandlerContext.fireChannelRead(AbstractChannelHandlerContext.java:351) [browsermob-dist-2.1.4.jar:?]
	at io.netty.channel.DefaultChannelPipeline$HeadContext.channelRead(DefaultChannelPipeline.java:1334) [browsermob-dist-2.1.4.jar:?]
	at io.netty.channel.AbstractChannelHandlerContext.invokeChannelRead(AbstractChannelHandlerContext.java:373) [browsermob-dist-2.1.4.jar:?]
	at io.netty.channel.AbstractChannelHandlerContext.invokeChannelRead(AbstractChannelHandlerContext.java:359) [browsermob-dist-2.1.4.jar:?]
	at io.netty.channel.DefaultChannelPipeline.fireChannelRead(DefaultChannelPipeline.java:926) [browsermob-dist-2.1.4.jar:?]
	at io.netty.channel.nio.AbstractNioByteChannel$NioByteUnsafe.read(AbstractNioByteChannel.java:129) [browsermob-dist-2.1.4.jar:?]
	at io.netty.channel.nio.NioEventLoop.processSelectedKey(NioEventLoop.java:651) [browsermob-dist-2.1.4.jar:?]
	at io.netty.channel.nio.NioEventLoop.processSelectedKeysOptimized(NioEventLoop.java:574) [browsermob-dist-2.1.4.jar:?]
	at io.netty.channel.nio.NioEventLoop.processSelectedKeys(NioEventLoop.java:488) [browsermob-dist-2.1.4.jar:?]
	at io.netty.channel.nio.NioEventLoop.run(NioEventLoop.java:450) [browsermob-dist-2.1.4.jar:?]
	at io.netty.util.concurrent.SingleThreadEventExecutor$5.run(SingleThreadEventExecutor.java:873) [browsermob-dist-2.1.4.jar:?]
	at java.lang.Thread.run(Thread.java:835) [?:?]
Caused by: javax.net.ssl.SSLHandshakeException: Received fatal alert: unknown_ca
	at sun.security.ssl.Alert.createSSLException(Alert.java:131) ~[?:?]
	at sun.security.ssl.Alert.createSSLException(Alert.java:117) ~[?:?]
	at sun.security.ssl.TransportContext.fatal(TransportContext.java:307) ~[?:?]
	at sun.security.ssl.Alert$AlertConsumer.consume(Alert.java:285) ~[?:?]
	at sun.security.ssl.TransportContext.dispatch(TransportContext.java:180) ~[?:?]
	at sun.security.ssl.SSLTransport.decode(SSLTransport.java:164) ~[?:?]
	at sun.security.ssl.SSLEngineImpl.decode(SSLEngineImpl.java:681) ~[?:?]
	at sun.security.ssl.SSLEngineImpl.readRecord(SSLEngineImpl.java:636) ~[?:?]
	at sun.security.ssl.SSLEngineImpl.unwrap(SSLEngineImpl.java:454) ~[?:?]
	at sun.security.ssl.SSLEngineImpl.unwrap(SSLEngineImpl.java:433) ~[?:?]
	at javax.net.ssl.SSLEngine.unwrap(SSLEngine.java:634) ~[?:?]
	at io.netty.handler.ssl.SslHandler.unwrap(SslHandler.java:1097) ~[browsermob-dist-2.1.4.jar:?]
	at io.netty.handler.ssl.SslHandler.unwrap(SslHandler.java:968) ~[browsermob-dist-2.1.4.jar:?]
	at io.netty.handler.ssl.SslHandler.decode(SslHandler.java:902) ~[browsermob-dist-2.1.4.jar:?]
	at io.netty.handler.codec.ByteToMessageDecoder.callDecode(ByteToMessageDecoder.java:411) ~[browsermob-dist-2.1.4.jar:?]
	... 15 more

[ERROR 2019-05-15T02:01:49,431 org.littleshoot.proxy.impl.ClientToProxyConnection] (LittleProxy-0-ClientToProxyWorker-1) (AWAITING_INITIAL) [id: 0xb74545e2, L:/0:0:0:0:0:0:0:1:8081 - R:/0:0:0:0:0:0:0:1:51486]: Caught an exception on ClientToProxyConnection io.netty.handler.codec.DecoderException: javax.net.ssl.SSLHandshakeException: Received fatal alert: unknown_ca
	at io.netty.handler.codec.ByteToMessageDecoder.callDecode(ByteToMessageDecoder.java:442) ~[browsermob-dist-2.1.4.jar:?]
	at io.netty.handler.codec.ByteToMessageDecoder.channelRead(ByteToMessageDecoder.java:248) ~[browsermob-dist-2.1.4.jar:?]
	at io.netty.channel.AbstractChannelHandlerContext.invokeChannelRead(AbstractChannelHandlerContext.java:373) [browsermob-dist-2.1.4.jar:?]
	at io.netty.channel.AbstractChannelHandlerContext.invokeChannelRead(AbstractChannelHandlerContext.java:359) [browsermob-dist-2.1.4.jar:?]
	at io.netty.channel.AbstractChannelHandlerContext.fireChannelRead(AbstractChannelHandlerContext.java:351) [browsermob-dist-2.1.4.jar:?]
	at io.netty.channel.DefaultChannelPipeline$HeadContext.channelRead(DefaultChannelPipeline.java:1334) [browsermob-dist-2.1.4.jar:?]
	at io.netty.channel.AbstractChannelHandlerContext.invokeChannelRead(AbstractChannelHandlerContext.java:373) [browsermob-dist-2.1.4.jar:?]
	at io.netty.channel.AbstractChannelHandlerContext.invokeChannelRead(AbstractChannelHandlerContext.java:359) [browsermob-dist-2.1.4.jar:?]
	at io.netty.channel.DefaultChannelPipeline.fireChannelRead(DefaultChannelPipeline.java:926) [browsermob-dist-2.1.4.jar:?]
	at io.netty.channel.nio.AbstractNioByteChannel$NioByteUnsafe.read(AbstractNioByteChannel.java:129) [browsermob-dist-2.1.4.jar:?]
	at io.netty.channel.nio.NioEventLoop.processSelectedKey(NioEventLoop.java:651) [browsermob-dist-2.1.4.jar:?]
	at io.netty.channel.nio.NioEventLoop.processSelectedKeysOptimized(NioEventLoop.java:574) [browsermob-dist-2.1.4.jar:?]
	at io.netty.channel.nio.NioEventLoop.processSelectedKeys(NioEventLoop.java:488) [browsermob-dist-2.1.4.jar:?]
	at io.netty.channel.nio.NioEventLoop.run(NioEventLoop.java:450) [browsermob-dist-2.1.4.jar:?]
	at io.netty.util.concurrent.SingleThreadEventExecutor$5.run(SingleThreadEventExecutor.java:873) [browsermob-dist-2.1.4.jar:?]
	at java.lang.Thread.run(Thread.java:835) [?:?]
Caused by: javax.net.ssl.SSLHandshakeException: Received fatal alert: unknown_ca
	at sun.security.ssl.Alert.createSSLException(Alert.java:131) ~[?:?]
	at sun.security.ssl.Alert.createSSLException(Alert.java:117) ~[?:?]
	at sun.security.ssl.TransportContext.fatal(TransportContext.java:307) ~[?:?]
	at sun.security.ssl.Alert$AlertConsumer.consume(Alert.java:285) ~[?:?]
	at sun.security.ssl.TransportContext.dispatch(TransportContext.java:180) ~[?:?]
	at sun.security.ssl.SSLTransport.decode(SSLTransport.java:164) ~[?:?]
	at sun.security.ssl.SSLEngineImpl.decode(SSLEngineImpl.java:681) ~[?:?]
	at sun.security.ssl.SSLEngineImpl.readRecord(SSLEngineImpl.java:636) ~[?:?]
	at sun.security.ssl.SSLEngineImpl.unwrap(SSLEngineImpl.java:454) ~[?:?]
	at sun.security.ssl.SSLEngineImpl.unwrap(SSLEngineImpl.java:433) ~[?:?]
	at javax.net.ssl.SSLEngine.unwrap(SSLEngine.java:634) ~[?:?]
	at io.netty.handler.ssl.SslHandler.unwrap(SslHandler.java:1097) ~[browsermob-dist-2.1.4.jar:?]
	at io.netty.handler.ssl.SslHandler.unwrap(SslHandler.java:968) ~[browsermob-dist-2.1.4.jar:?]
	at io.netty.handler.ssl.SslHandler.decode(SslHandler.java:902) ~[browsermob-dist-2.1.4.jar:?]
	at io.netty.handler.codec.ByteToMessageDecoder.callDecode(ByteToMessageDecoder.java:411) ~[browsermob-dist-2.1.4.jar:?]
	... 15 more

[ERROR 2019-05-15T08:19:26,755 org.littleshoot.proxy.impl.ClientToProxyConnection] (LittleProxy-0-ClientToProxyWorker-2) (AWAITING_INITIAL) [id: 0x996b283c, L:/0:0:0:0:0:0:0:1:8081 - R:/0:0:0:0:0:0:0:1:52137]: Caught an exception on ClientToProxyConnection io.netty.handler.codec.DecoderException: javax.net.ssl.SSLHandshakeException: Received fatal alert: unknown_ca
	at io.netty.handler.codec.ByteToMessageDecoder.callDecode(ByteToMessageDecoder.java:442) ~[browsermob-dist-2.1.4.jar:?]
	at io.netty.handler.codec.ByteToMessageDecoder.channelRead(ByteToMessageDecoder.java:248) ~[browsermob-dist-2.1.4.jar:?]
	at io.netty.channel.AbstractChannelHandlerContext.invokeChannelRead(AbstractChannelHandlerContext.java:373) [browsermob-dist-2.1.4.jar:?]
	at io.netty.channel.AbstractChannelHandlerContext.invokeChannelRead(AbstractChannelHandlerContext.java:359) [browsermob-dist-2.1.4.jar:?]
	at io.netty.channel.AbstractChannelHandlerContext.fireChannelRead(AbstractChannelHandlerContext.java:351) [browsermob-dist-2.1.4.jar:?]
	at io.netty.channel.DefaultChannelPipeline$HeadContext.channelRead(DefaultChannelPipeline.java:1334) [browsermob-dist-2.1.4.jar:?]
	at io.netty.channel.AbstractChannelHandlerContext.invokeChannelRead(AbstractChannelHandlerContext.java:373) [browsermob-dist-2.1.4.jar:?]
	at io.netty.channel.AbstractChannelHandlerContext.invokeChannelRead(AbstractChannelHandlerContext.java:359) [browsermob-dist-2.1.4.jar:?]
	at io.netty.channel.DefaultChannelPipeline.fireChannelRead(DefaultChannelPipeline.java:926) [browsermob-dist-2.1.4.jar:?]
	at io.netty.channel.nio.AbstractNioByteChannel$NioByteUnsafe.read(AbstractNioByteChannel.java:129) [browsermob-dist-2.1.4.jar:?]
	at io.netty.channel.nio.NioEventLoop.processSelectedKey(NioEventLoop.java:651) [browsermob-dist-2.1.4.jar:?]
	at io.netty.channel.nio.NioEventLoop.processSelectedKeysOptimized(NioEventLoop.java:574) [browsermob-dist-2.1.4.jar:?]
	at io.netty.channel.nio.NioEventLoop.processSelectedKeys(NioEventLoop.java:488) [browsermob-dist-2.1.4.jar:?]
	at io.netty.channel.nio.NioEventLoop.run(NioEventLoop.java:450) [browsermob-dist-2.1.4.jar:?]
	at io.netty.util.concurrent.SingleThreadEventExecutor$5.run(SingleThreadEventExecutor.java:873) [browsermob-dist-2.1.4.jar:?]
	at java.lang.Thread.run(Thread.java:835) [?:?]
Caused by: javax.net.ssl.SSLHandshakeException: Received fatal alert: unknown_ca
	at sun.security.ssl.Alert.createSSLException(Alert.java:131) ~[?:?]
	at sun.security.ssl.Alert.createSSLException(Alert.java:117) ~[?:?]
	at sun.security.ssl.TransportContext.fatal(TransportContext.java:307) ~[?:?]
	at sun.security.ssl.Alert$AlertConsumer.consume(Alert.java:285) ~[?:?]
	at sun.security.ssl.TransportContext.dispatch(TransportContext.java:180) ~[?:?]
	at sun.security.ssl.SSLTransport.decode(SSLTransport.java:164) ~[?:?]
	at sun.security.ssl.SSLEngineImpl.decode(SSLEngineImpl.java:681) ~[?:?]
	at sun.security.ssl.SSLEngineImpl.readRecord(SSLEngineImpl.java:636) ~[?:?]
	at sun.security.ssl.SSLEngineImpl.unwrap(SSLEngineImpl.java:454) ~[?:?]
	at sun.security.ssl.SSLEngineImpl.unwrap(SSLEngineImpl.java:433) ~[?:?]
	at javax.net.ssl.SSLEngine.unwrap(SSLEngine.java:634) ~[?:?]
	at io.netty.handler.ssl.SslHandler.unwrap(SslHandler.java:1097) ~[browsermob-dist-2.1.4.jar:?]
	at io.netty.handler.ssl.SslHandler.unwrap(SslHandler.java:968) ~[browsermob-dist-2.1.4.jar:?]
	at io.netty.handler.ssl.SslHandler.decode(SslHandler.java:902) ~[browsermob-dist-2.1.4.jar:?]
	at io.netty.handler.codec.ByteToMessageDecoder.callDecode(ByteToMessageDecoder.java:411) ~[browsermob-dist-2.1.4.jar:?]
	... 15 more

[INFO  2019-05-15T17:20:06,994 org.littleshoot.proxy.impl.DefaultHttpProxyServer] (LittleProxy-JVM-shutdown-hook) Shutting down proxy server immediately (non-graceful) 
[INFO  2019-05-15T17:20:07,002 org.littleshoot.proxy.impl.DefaultHttpProxyServer] (LittleProxy-JVM-shutdown-hook) Closing all channels (non-graceful) 
